<?xml version="1.0" encoding="UTF-8"?>
<robot generator="Robot 7.2.2 (Python 3.12.9 on win32)" generated="2025-03-26T11:22:28.593798" rpa="false" schemaversion="5">
<suite id="s1" name="Test Temp" source="C:\TEST\Robot\Robot_cicd\robotframework-ci-cd\tests\test_temp.robot">
<test id="s1-t1" name="Case 1" line="15">
<kw name="Open Browser" owner="SeleniumLibrary" type="SETUP">
<msg time="2025-03-26T11:22:28.987865" level="INFO">Opening browser 'chrome' to base url 'https://www.saucedemo.com/' through remote server at 'http://192.168.1.28:4444/wd/hub'.</msg>
<arg>${url}</arg>
<arg>${browser}</arg>
<arg>remote_url=http://192.168.1.28:4444/wd/hub</arg>
<doc>Opens a new browser instance to the optional ``url``.</doc>
<status status="PASS" start="2025-03-26T11:22:28.986543" elapsed="5.127055"/>
</kw>
<kw name="affichage">
<kw name="Login Avec Username Et Password" owner="test_temp">
<kw name="Saisir Username" owner="LoginPage">
<kw name="Input Text" owner="SeleniumLibrary">
<msg time="2025-03-26T11:22:34.113598" level="INFO">Typing text 'standard_user' into text field 'id:user-name'.</msg>
<arg>${usernameElement}</arg>
<arg>${username}</arg>
<doc>Types the given ``text`` into the text field identified by ``locator``.</doc>
<status status="PASS" start="2025-03-26T11:22:34.113598" elapsed="1.504950"/>
</kw>
<arg>${username}</arg>
<status status="PASS" start="2025-03-26T11:22:34.113598" elapsed="1.504950"/>
</kw>
<kw name="Saisir Password" owner="LoginPage">
<kw name="Input Password" owner="SeleniumLibrary">
<msg time="2025-03-26T11:22:35.618548" level="INFO">Typing password into text field 'id:password'.</msg>
<msg time="2025-03-26T11:22:35.945468" level="INFO">Temporally setting log level to: NONE</msg>
<arg>${passwordElement}</arg>
<arg>${password}</arg>
<doc>Types the given password into the text field identified by ``locator``.</doc>
<status status="PASS" start="2025-03-26T11:22:35.618548" elapsed="0.759701"/>
</kw>
<arg>${password}</arg>
<status status="PASS" start="2025-03-26T11:22:35.618548" elapsed="0.759701"/>
</kw>
<kw name="Cliquer Sur Le Bouton Login" owner="LoginPage">
<kw name="Click Button" owner="SeleniumLibrary">
<msg time="2025-03-26T11:22:36.378249" level="INFO">Clicking button 'id:login-button'.</msg>
<arg>${loginButtonElement}</arg>
<doc>Clicks the button identified by ``locator``.</doc>
<status status="PASS" start="2025-03-26T11:22:36.378249" elapsed="0.948688"/>
</kw>
<status status="PASS" start="2025-03-26T11:22:36.378249" elapsed="0.948688"/>
</kw>
<if>
<branch type="IF" condition="&quot;${resultat}&quot;== &quot;ok&quot;">
<kw name="Get Page Title" owner="LoginPage">
<kw name="Get Text" owner="SeleniumLibrary">
<msg time="2025-03-26T11:22:37.557421" level="INFO">${res} = Products</msg>
<var>${res}</var>
<arg>${pageTitleElement}</arg>
<doc>Returns the text value of the element identified by ``locator``.</doc>
<status status="PASS" start="2025-03-26T11:22:37.326937" elapsed="0.230484"/>
</kw>
<return>
<value>${res}</value>
<status status="PASS" start="2025-03-26T11:22:37.557421" elapsed="0.000000"/>
</return>
<msg time="2025-03-26T11:22:37.557421" level="INFO">${text} = Products</msg>
<var>${text}</var>
<status status="PASS" start="2025-03-26T11:22:37.326937" elapsed="0.230484"/>
</kw>
<kw name="Should Be Equal As Strings" owner="BuiltIn">
<arg>${text}</arg>
<arg>Products</arg>
<doc>Fails if objects are unequal after converting them to strings.</doc>
<status status="PASS" start="2025-03-26T11:22:37.557421" elapsed="0.000000"/>
</kw>
<status status="PASS" start="2025-03-26T11:22:37.326937" elapsed="0.230484"/>
</branch>
<branch type="ELSE">
<kw name="Get Error Message" owner="LoginPage">
<var>${res}</var>
<status status="NOT RUN" start="2025-03-26T11:22:37.557421" elapsed="0.000000"/>
</kw>
<kw name="Element Should Be Visible" owner="SeleniumLibrary">
<arg>${res}</arg>
<doc>Verifies that the element identified by ``locator`` is visible.</doc>
<status status="NOT RUN" start="2025-03-26T11:22:37.557421" elapsed="0.000000"/>
</kw>
<status status="NOT RUN" start="2025-03-26T11:22:37.557421" elapsed="0.000000"/>
</branch>
<status status="PASS" start="2025-03-26T11:22:37.326937" elapsed="0.230484"/>
</if>
<arg>${username}</arg>
<arg>${password}</arg>
<arg>${resultat}</arg>
<status status="PASS" start="2025-03-26T11:22:34.113598" elapsed="3.443823"/>
</kw>
<arg>username=standard_user</arg>
<arg>password=secret_sauce</arg>
<arg>resultat=ok</arg>
<status status="PASS" start="2025-03-26T11:22:34.113598" elapsed="3.443823"/>
</kw>
<kw name="Close All Browsers" owner="SeleniumLibrary" type="TEARDOWN">
<doc>Closes all open browsers and resets the browser cache.</doc>
<status status="PASS" start="2025-03-26T11:22:37.557421" elapsed="0.212732"/>
</kw>
<status status="PASS" start="2025-03-26T11:22:28.985499" elapsed="8.784654"/>
</test>
<test id="s1-t2" name="Case 2" line="15">
<kw name="Open Browser" owner="SeleniumLibrary" type="SETUP">
<msg time="2025-03-26T11:22:37.778458" level="INFO">Opening browser 'chrome' to base url 'https://www.saucedemo.com/' through remote server at 'http://192.168.1.28:4444/wd/hub'.</msg>
<arg>${url}</arg>
<arg>${browser}</arg>
<arg>remote_url=http://192.168.1.28:4444/wd/hub</arg>
<doc>Opens a new browser instance to the optional ``url``.</doc>
<status status="PASS" start="2025-03-26T11:22:37.778458" elapsed="4.123344"/>
</kw>
<kw name="affichage">
<kw name="Login Avec Username Et Password" owner="test_temp">
<kw name="Saisir Username" owner="LoginPage">
<kw name="Input Text" owner="SeleniumLibrary">
<msg time="2025-03-26T11:22:41.901802" level="INFO">Typing text 'Sstandar' into text field 'id:user-name'.</msg>
<arg>${usernameElement}</arg>
<arg>${username}</arg>
<doc>Types the given ``text`` into the text field identified by ``locator``.</doc>
<status status="PASS" start="2025-03-26T11:22:41.901802" elapsed="0.936464"/>
</kw>
<arg>${username}</arg>
<status status="PASS" start="2025-03-26T11:22:41.901802" elapsed="0.936464"/>
</kw>
<kw name="Saisir Password" owner="LoginPage">
<kw name="Input Password" owner="SeleniumLibrary">
<msg time="2025-03-26T11:22:42.838266" level="INFO">Typing password into text field 'id:password'.</msg>
<msg time="2025-03-26T11:22:43.142340" level="INFO">Temporally setting log level to: NONE</msg>
<arg>${passwordElement}</arg>
<arg>${password}</arg>
<doc>Types the given password into the text field identified by ``locator``.</doc>
<status status="PASS" start="2025-03-26T11:22:42.838266" elapsed="0.664913"/>
</kw>
<arg>${password}</arg>
<status status="PASS" start="2025-03-26T11:22:42.838266" elapsed="0.664913"/>
</kw>
<kw name="Cliquer Sur Le Bouton Login" owner="LoginPage">
<kw name="Click Button" owner="SeleniumLibrary">
<msg time="2025-03-26T11:22:43.503179" level="INFO">Clicking button 'id:login-button'.</msg>
<arg>${loginButtonElement}</arg>
<doc>Clicks the button identified by ``locator``.</doc>
<status status="PASS" start="2025-03-26T11:22:43.503179" elapsed="0.656000"/>
</kw>
<status status="PASS" start="2025-03-26T11:22:43.503179" elapsed="0.656000"/>
</kw>
<if>
<branch type="IF" condition="&quot;${resultat}&quot;== &quot;ok&quot;">
<kw name="Get Page Title" owner="LoginPage">
<var>${text}</var>
<status status="NOT RUN" start="2025-03-26T11:22:44.159179" elapsed="0.000000"/>
</kw>
<kw name="Should Be Equal As Strings" owner="BuiltIn">
<arg>${text}</arg>
<arg>Products</arg>
<doc>Fails if objects are unequal after converting them to strings.</doc>
<status status="NOT RUN" start="2025-03-26T11:22:44.159179" elapsed="0.000000"/>
</kw>
<status status="NOT RUN" start="2025-03-26T11:22:44.159179" elapsed="0.000000"/>
</branch>
<branch type="ELSE">
<kw name="Get Error Message" owner="LoginPage">
<return>
<value>${errorElement}</value>
<status status="PASS" start="2025-03-26T11:22:44.159179" elapsed="0.000000"/>
</return>
<msg time="2025-03-26T11:22:44.159179" level="INFO">${res} = css:.error-button</msg>
<var>${res}</var>
<status status="PASS" start="2025-03-26T11:22:44.159179" elapsed="0.000000"/>
</kw>
<kw name="Element Should Be Visible" owner="SeleniumLibrary">
<msg time="2025-03-26T11:22:44.400738" level="INFO">Element 'css:.error-button' is displayed.</msg>
<arg>${res}</arg>
<doc>Verifies that the element identified by ``locator`` is visible.</doc>
<status status="PASS" start="2025-03-26T11:22:44.159179" elapsed="0.241559"/>
</kw>
<status status="PASS" start="2025-03-26T11:22:44.159179" elapsed="0.247306"/>
</branch>
<status status="PASS" start="2025-03-26T11:22:44.159179" elapsed="0.247306"/>
</if>
<arg>${username}</arg>
<arg>${password}</arg>
<arg>${resultat}</arg>
<status status="PASS" start="2025-03-26T11:22:41.901802" elapsed="2.504683"/>
</kw>
<arg>username=Sstandar</arg>
<arg>password=secret_sauce</arg>
<arg>resultat=ko</arg>
<status status="PASS" start="2025-03-26T11:22:41.901802" elapsed="2.504683"/>
</kw>
<kw name="Close All Browsers" owner="SeleniumLibrary" type="TEARDOWN">
<doc>Closes all open browsers and resets the browser cache.</doc>
<status status="PASS" start="2025-03-26T11:22:44.407609" elapsed="0.181335"/>
</kw>
<status status="PASS" start="2025-03-26T11:22:37.778458" elapsed="6.810486"/>
</test>
<test id="s1-t3" name="Case 3" line="15">
<kw name="Open Browser" owner="SeleniumLibrary" type="SETUP">
<msg time="2025-03-26T11:22:44.601286" level="INFO">Opening browser 'chrome' to base url 'https://www.saucedemo.com/' through remote server at 'http://192.168.1.28:4444/wd/hub'.</msg>
<arg>${url}</arg>
<arg>${browser}</arg>
<arg>remote_url=http://192.168.1.28:4444/wd/hub</arg>
<doc>Opens a new browser instance to the optional ``url``.</doc>
<status status="PASS" start="2025-03-26T11:22:44.601286" elapsed="4.946059"/>
</kw>
<kw name="affichage">
<kw name="Login Avec Username Et Password" owner="test_temp">
<kw name="Saisir Username" owner="LoginPage">
<kw name="Input Text" owner="SeleniumLibrary">
<msg time="2025-03-26T11:22:49.547345" level="INFO">Typing text 'standard_user' into text field 'id:user-name'.</msg>
<arg>${usernameElement}</arg>
<arg>${username}</arg>
<doc>Types the given ``text`` into the text field identified by ``locator``.</doc>
<status status="PASS" start="2025-03-26T11:22:49.547345" elapsed="1.234241"/>
</kw>
<arg>${username}</arg>
<status status="PASS" start="2025-03-26T11:22:49.547345" elapsed="1.234241"/>
</kw>
<kw name="Saisir Password" owner="LoginPage">
<kw name="Input Password" owner="SeleniumLibrary">
<msg time="2025-03-26T11:22:50.781586" level="INFO">Typing password into text field 'id:password'.</msg>
<msg time="2025-03-26T11:22:51.123539" level="INFO">Temporally setting log level to: NONE</msg>
<arg>${passwordElement}</arg>
<arg>${password}</arg>
<doc>Types the given password into the text field identified by ``locator``.</doc>
<status status="PASS" start="2025-03-26T11:22:50.781586" elapsed="0.691080"/>
</kw>
<arg>${password}</arg>
<status status="PASS" start="2025-03-26T11:22:50.781586" elapsed="0.691080"/>
</kw>
<kw name="Cliquer Sur Le Bouton Login" owner="LoginPage">
<kw name="Click Button" owner="SeleniumLibrary">
<msg time="2025-03-26T11:22:51.472666" level="INFO">Clicking button 'id:login-button'.</msg>
<arg>${loginButtonElement}</arg>
<doc>Clicks the button identified by ``locator``.</doc>
<status status="PASS" start="2025-03-26T11:22:51.472666" elapsed="0.820342"/>
</kw>
<status status="PASS" start="2025-03-26T11:22:51.472666" elapsed="0.820342"/>
</kw>
<if>
<branch type="IF" condition="&quot;${resultat}&quot;== &quot;ok&quot;">
<kw name="Get Page Title" owner="LoginPage">
<var>${text}</var>
<status status="NOT RUN" start="2025-03-26T11:22:52.293008" elapsed="0.000000"/>
</kw>
<kw name="Should Be Equal As Strings" owner="BuiltIn">
<arg>${text}</arg>
<arg>Products</arg>
<doc>Fails if objects are unequal after converting them to strings.</doc>
<status status="NOT RUN" start="2025-03-26T11:22:52.293008" elapsed="0.000000"/>
</kw>
<status status="NOT RUN" start="2025-03-26T11:22:52.293008" elapsed="0.000000"/>
</branch>
<branch type="ELSE">
<kw name="Get Error Message" owner="LoginPage">
<return>
<value>${errorElement}</value>
<status status="PASS" start="2025-03-26T11:22:52.293008" elapsed="0.000000"/>
</return>
<msg time="2025-03-26T11:22:52.293008" level="INFO">${res} = css:.error-button</msg>
<var>${res}</var>
<status status="PASS" start="2025-03-26T11:22:52.293008" elapsed="0.000000"/>
</kw>
<kw name="Element Should Be Visible" owner="SeleniumLibrary">
<msg time="2025-03-26T11:22:52.696947" level="INFO">Element 'css:.error-button' is displayed.</msg>
<arg>${res}</arg>
<doc>Verifies that the element identified by ``locator`` is visible.</doc>
<status status="PASS" start="2025-03-26T11:22:52.293008" elapsed="0.403939"/>
</kw>
<status status="PASS" start="2025-03-26T11:22:52.293008" elapsed="0.403939"/>
</branch>
<status status="PASS" start="2025-03-26T11:22:52.293008" elapsed="0.403939"/>
</if>
<arg>${username}</arg>
<arg>${password}</arg>
<arg>${resultat}</arg>
<status status="PASS" start="2025-03-26T11:22:49.547345" elapsed="3.149602"/>
</kw>
<arg>username=standard_user</arg>
<arg>password=secret</arg>
<arg>resultat=ko</arg>
<status status="PASS" start="2025-03-26T11:22:49.547345" elapsed="3.149602"/>
</kw>
<kw name="Close All Browsers" owner="SeleniumLibrary" type="TEARDOWN">
<doc>Closes all open browsers and resets the browser cache.</doc>
<status status="PASS" start="2025-03-26T11:22:52.696947" elapsed="0.212695"/>
</kw>
<status status="PASS" start="2025-03-26T11:22:44.588944" elapsed="8.320698"/>
</test>
<doc>importer la lib selenium</doc>
<status status="PASS" start="2025-03-26T11:22:28.593798" elapsed="24.315844"/>
</suite>
<statistics>
<total>
<stat pass="3" fail="0" skip="0">All Tests</stat>
</total>
<tag>
</tag>
<suite>
<stat name="Test Temp" id="s1" pass="3" fail="0" skip="0">Test Temp</stat>
</suite>
</statistics>
<errors>
</errors>
</robot>
