<?xml version="1.0" encoding="UTF-8"?>
<robot generator="Robot 7.2.2 (Python 3.11.2 on linux)" generated="2025-03-25T15:08:21.808136" rpa="false" schemaversion="5">
<suite id="s1" name="Robotframework" source="/home/achour/Documents/robotframework">
<suite id="s1-s1" name="Tests" source="/home/achour/Documents/robotframework/tests">
<suite id="s1-s1-s1" name="Test Temp" source="/home/achour/Documents/robotframework/tests/test_temp.robot">
<test id="s1-s1-s1-t1" name="Case 1" line="15">
<kw name="Open Browser" owner="SeleniumLibrary" type="SETUP">
<msg time="2025-03-25T15:08:23.296794" level="INFO">Opening browser 'chrome' to base url 'https://www.saucedemo.com/' through remote server at 'http://192.168.1.112:4444/wd/hub'.</msg>
<arg>${url}</arg>
<arg>${browser}</arg>
<arg>remote_url=http://192.168.1.112:4444/wd/hub</arg>
<doc>Opens a new browser instance to the optional ``url``.</doc>
<status status="PASS" start="2025-03-25T15:08:23.293089" elapsed="17.320876"/>
</kw>
<kw name="affichage">
<kw name="Login Avec Username Et Password" owner="test_temp">
<kw name="Saisir Username" owner="LoginPage">
<kw name="Input Text" owner="SeleniumLibrary">
<msg time="2025-03-25T15:08:40.631449" level="INFO">Typing text 'standard_user' into text field 'id:user-name'.</msg>
<arg>${usernameElement}</arg>
<arg>${username}</arg>
<doc>Types the given ``text`` into the text field identified by ``locator``.</doc>
<status status="PASS" start="2025-03-25T15:08:40.628285" elapsed="0.183301"/>
</kw>
<arg>${username}</arg>
<status status="PASS" start="2025-03-25T15:08:40.624872" elapsed="0.188175"/>
</kw>
<kw name="Saisir Password" owner="LoginPage">
<kw name="Input Password" owner="SeleniumLibrary">
<msg time="2025-03-25T15:08:40.819964" level="INFO">Typing password into text field 'id:password'.</msg>
<msg time="2025-03-25T15:08:40.950024" level="INFO">Temporally setting log level to: NONE</msg>
<arg>${passwordElement}</arg>
<arg>${password}</arg>
<doc>Types the given password into the text field identified by ``locator``.</doc>
<status status="PASS" start="2025-03-25T15:08:40.817694" elapsed="0.199546"/>
</kw>
<arg>${password}</arg>
<status status="PASS" start="2025-03-25T15:08:40.814605" elapsed="0.203915"/>
</kw>
<kw name="Cliquer Sur Le Bouton Login" owner="LoginPage">
<kw name="Click Button" owner="SeleniumLibrary">
<msg time="2025-03-25T15:08:41.025470" level="INFO">Clicking button 'id:login-button'.</msg>
<arg>${loginButtonElement}</arg>
<doc>Clicks the button identified by ``locator``.</doc>
<status status="PASS" start="2025-03-25T15:08:41.022986" elapsed="0.294629"/>
</kw>
<status status="PASS" start="2025-03-25T15:08:41.020111" elapsed="0.298777"/>
</kw>
<if>
<branch type="IF" condition="&quot;${resultat}&quot;== &quot;ok&quot;">
<kw name="Get Page Title" owner="LoginPage">
<kw name="Get Text" owner="SeleniumLibrary">
<msg time="2025-03-25T15:08:41.391151" level="INFO">${res} = Products</msg>
<var>${res}</var>
<arg>${pageTitleElement}</arg>
<doc>Returns the text value of the element identified by ``locator``.</doc>
<status status="PASS" start="2025-03-25T15:08:41.324981" elapsed="0.067098"/>
</kw>
<return>
<value>${res}</value>
<status status="PASS" start="2025-03-25T15:08:41.393368" elapsed="0.000788"/>
</return>
<msg time="2025-03-25T15:08:41.395446" level="INFO">${text} = Products</msg>
<var>${text}</var>
<status status="PASS" start="2025-03-25T15:08:41.322421" elapsed="0.073753"/>
</kw>
<kw name="Should Be Equal As Strings" owner="BuiltIn">
<arg>${text}</arg>
<arg>Products</arg>
<doc>Fails if objects are unequal after converting them to strings.</doc>
<status status="PASS" start="2025-03-25T15:08:41.397594" elapsed="0.002145"/>
</kw>
<status status="PASS" start="2025-03-25T15:08:41.320051" elapsed="0.080573"/>
</branch>
<branch type="ELSE">
<kw name="Get Error Message" owner="LoginPage">
<var>${res}</var>
<status status="NOT RUN" start="2025-03-25T15:08:41.402624" elapsed="0.000823"/>
</kw>
<kw name="Element Should Be Visible" owner="SeleniumLibrary">
<arg>${res}</arg>
<doc>Verifies that the element identified by ``locator`` is visible.</doc>
<status status="NOT RUN" start="2025-03-25T15:08:41.404705" elapsed="0.000808"/>
</kw>
<status status="NOT RUN" start="2025-03-25T15:08:41.401164" elapsed="0.005052"/>
</branch>
<status status="PASS" start="2025-03-25T15:08:41.319808" elapsed="0.086851"/>
</if>
<arg>${username}</arg>
<arg>${password}</arg>
<arg>${resultat}</arg>
<status status="PASS" start="2025-03-25T15:08:40.620929" elapsed="0.786224"/>
</kw>
<arg>username=standard_user</arg>
<arg>password=secret_sauce</arg>
<arg>resultat=ok</arg>
<status status="PASS" start="2025-03-25T15:08:40.616955" elapsed="0.791172"/>
</kw>
<kw name="Close All Browsers" owner="SeleniumLibrary" type="TEARDOWN">
<doc>Closes all open browsers and resets the browser cache.</doc>
<status status="PASS" start="2025-03-25T15:08:41.410199" elapsed="0.107744"/>
</kw>
<status status="PASS" start="2025-03-25T15:08:23.273670" elapsed="18.245561"/>
</test>
<test id="s1-s1-s1-t2" name="Case 2" line="15">
<kw name="Open Browser" owner="SeleniumLibrary" type="SETUP">
<msg time="2025-03-25T15:08:41.535378" level="INFO">Opening browser 'chrome' to base url 'https://www.saucedemo.com/' through remote server at 'http://192.168.1.112:4444/wd/hub'.</msg>
<arg>${url}</arg>
<arg>${browser}</arg>
<arg>remote_url=http://192.168.1.112:4444/wd/hub</arg>
<doc>Opens a new browser instance to the optional ``url``.</doc>
<status status="PASS" start="2025-03-25T15:08:41.532613" elapsed="2.551172"/>
</kw>
<kw name="affichage">
<kw name="Login Avec Username Et Password" owner="test_temp">
<kw name="Saisir Username" owner="LoginPage">
<kw name="Input Text" owner="SeleniumLibrary">
<msg time="2025-03-25T15:08:44.099428" level="INFO">Typing text 'Sstandar' into text field 'id:user-name'.</msg>
<arg>${usernameElement}</arg>
<arg>${username}</arg>
<doc>Types the given ``text`` into the text field identified by ``locator``.</doc>
<status status="PASS" start="2025-03-25T15:08:44.097130" elapsed="0.227646"/>
</kw>
<arg>${username}</arg>
<status status="PASS" start="2025-03-25T15:08:44.093155" elapsed="0.232867"/>
</kw>
<kw name="Saisir Password" owner="LoginPage">
<kw name="Input Password" owner="SeleniumLibrary">
<msg time="2025-03-25T15:08:44.332538" level="INFO">Typing password into text field 'id:password'.</msg>
<msg time="2025-03-25T15:08:44.414744" level="INFO">Temporally setting log level to: NONE</msg>
<arg>${passwordElement}</arg>
<arg>${password}</arg>
<doc>Types the given password into the text field identified by ``locator``.</doc>
<status status="PASS" start="2025-03-25T15:08:44.330289" elapsed="0.146402"/>
</kw>
<arg>${password}</arg>
<status status="PASS" start="2025-03-25T15:08:44.327441" elapsed="0.150472"/>
</kw>
<kw name="Cliquer Sur Le Bouton Login" owner="LoginPage">
<kw name="Click Button" owner="SeleniumLibrary">
<msg time="2025-03-25T15:08:44.485155" level="INFO">Clicking button 'id:login-button'.</msg>
<arg>${loginButtonElement}</arg>
<doc>Clicks the button identified by ``locator``.</doc>
<status status="PASS" start="2025-03-25T15:08:44.482303" elapsed="0.120793"/>
</kw>
<status status="PASS" start="2025-03-25T15:08:44.479347" elapsed="0.124924"/>
</kw>
<if>
<branch type="IF" condition="&quot;${resultat}&quot;== &quot;ok&quot;">
<kw name="Get Page Title" owner="LoginPage">
<var>${text}</var>
<status status="NOT RUN" start="2025-03-25T15:08:44.607544" elapsed="0.000824"/>
</kw>
<kw name="Should Be Equal As Strings" owner="BuiltIn">
<arg>${text}</arg>
<arg>Products</arg>
<doc>Fails if objects are unequal after converting them to strings.</doc>
<status status="NOT RUN" start="2025-03-25T15:08:44.609565" elapsed="0.000787"/>
</kw>
<status status="NOT RUN" start="2025-03-25T15:08:44.605421" elapsed="0.005623"/>
</branch>
<branch type="ELSE">
<kw name="Get Error Message" owner="LoginPage">
<return>
<value>${errorElement}</value>
<status status="PASS" start="2025-03-25T15:08:44.614735" elapsed="0.000660"/>
</return>
<msg time="2025-03-25T15:08:44.616639" level="INFO">${res} = css:.error-button</msg>
<var>${res}</var>
<status status="PASS" start="2025-03-25T15:08:44.612827" elapsed="0.004574"/>
</kw>
<kw name="Element Should Be Visible" owner="SeleniumLibrary">
<msg time="2025-03-25T15:08:44.683531" level="INFO">Element 'css:.error-button' is displayed.</msg>
<arg>${res}</arg>
<doc>Verifies that the element identified by ``locator`` is visible.</doc>
<status status="PASS" start="2025-03-25T15:08:44.619399" elapsed="0.065454"/>
</kw>
<status status="PASS" start="2025-03-25T15:08:44.611496" elapsed="0.074291"/>
</branch>
<status status="PASS" start="2025-03-25T15:08:44.605195" elapsed="0.081076"/>
</if>
<arg>${username}</arg>
<arg>${password}</arg>
<arg>${resultat}</arg>
<status status="PASS" start="2025-03-25T15:08:44.089520" elapsed="0.597238"/>
</kw>
<arg>username=Sstandar</arg>
<arg>password=secret_sauce</arg>
<arg>resultat=ko</arg>
<status status="PASS" start="2025-03-25T15:08:44.085942" elapsed="0.601798"/>
</kw>
<kw name="Close All Browsers" owner="SeleniumLibrary" type="TEARDOWN">
<doc>Closes all open browsers and resets the browser cache.</doc>
<status status="PASS" start="2025-03-25T15:08:44.690476" elapsed="0.115235"/>
</kw>
<status status="PASS" start="2025-03-25T15:08:41.523059" elapsed="3.283928"/>
</test>
<test id="s1-s1-s1-t3" name="Case 3" line="15">
<kw name="Open Browser" owner="SeleniumLibrary" type="SETUP">
<msg time="2025-03-25T15:08:44.827317" level="INFO">Opening browser 'chrome' to base url 'https://www.saucedemo.com/' through remote server at 'http://192.168.1.112:4444/wd/hub'.</msg>
<arg>${url}</arg>
<arg>${browser}</arg>
<arg>remote_url=http://192.168.1.112:4444/wd/hub</arg>
<doc>Opens a new browser instance to the optional ``url``.</doc>
<status status="PASS" start="2025-03-25T15:08:44.823752" elapsed="3.365722"/>
</kw>
<kw name="affichage">
<kw name="Login Avec Username Et Password" owner="test_temp">
<kw name="Saisir Username" owner="LoginPage">
<kw name="Input Text" owner="SeleniumLibrary">
<msg time="2025-03-25T15:08:48.206100" level="INFO">Typing text 'standard_user' into text field 'id:user-name'.</msg>
<arg>${usernameElement}</arg>
<arg>${username}</arg>
<doc>Types the given ``text`` into the text field identified by ``locator``.</doc>
<status status="PASS" start="2025-03-25T15:08:48.202465" elapsed="0.396560"/>
</kw>
<arg>${username}</arg>
<status status="PASS" start="2025-03-25T15:08:48.199560" elapsed="0.400686"/>
</kw>
<kw name="Saisir Password" owner="LoginPage">
<kw name="Input Password" owner="SeleniumLibrary">
<msg time="2025-03-25T15:08:48.606729" level="INFO">Typing password into text field 'id:password'.</msg>
<msg time="2025-03-25T15:08:48.736042" level="INFO">Temporally setting log level to: NONE</msg>
<arg>${passwordElement}</arg>
<arg>${password}</arg>
<doc>Types the given password into the text field identified by ``locator``.</doc>
<status status="PASS" start="2025-03-25T15:08:48.604660" elapsed="0.276691"/>
</kw>
<arg>${password}</arg>
<status status="PASS" start="2025-03-25T15:08:48.601867" elapsed="0.280652"/>
</kw>
<kw name="Cliquer Sur Le Bouton Login" owner="LoginPage">
<kw name="Click Button" owner="SeleniumLibrary">
<msg time="2025-03-25T15:08:48.888146" level="INFO">Clicking button 'id:login-button'.</msg>
<arg>${loginButtonElement}</arg>
<doc>Clicks the button identified by ``locator``.</doc>
<status status="PASS" start="2025-03-25T15:08:48.886325" elapsed="0.326334"/>
</kw>
<status status="PASS" start="2025-03-25T15:08:48.883904" elapsed="0.329917"/>
</kw>
<if>
<branch type="IF" condition="&quot;${resultat}&quot;== &quot;ok&quot;">
<kw name="Get Page Title" owner="LoginPage">
<var>${text}</var>
<status status="NOT RUN" start="2025-03-25T15:08:49.217137" elapsed="0.000840"/>
</kw>
<kw name="Should Be Equal As Strings" owner="BuiltIn">
<arg>${text}</arg>
<arg>Products</arg>
<doc>Fails if objects are unequal after converting them to strings.</doc>
<status status="NOT RUN" start="2025-03-25T15:08:49.219140" elapsed="0.000776"/>
</kw>
<status status="NOT RUN" start="2025-03-25T15:08:49.214950" elapsed="0.005714"/>
</branch>
<branch type="ELSE">
<kw name="Get Error Message" owner="LoginPage">
<return>
<value>${errorElement}</value>
<status status="PASS" start="2025-03-25T15:08:49.224327" elapsed="0.000688"/>
</return>
<msg time="2025-03-25T15:08:49.226209" level="INFO">${res} = css:.error-button</msg>
<var>${res}</var>
<status status="PASS" start="2025-03-25T15:08:49.222446" elapsed="0.004468"/>
</kw>
<kw name="Element Should Be Visible" owner="SeleniumLibrary">
<msg time="2025-03-25T15:08:49.376149" level="INFO">Element 'css:.error-button' is displayed.</msg>
<arg>${res}</arg>
<doc>Verifies that the element identified by ``locator`` is visible.</doc>
<status status="PASS" start="2025-03-25T15:08:49.228184" elapsed="0.149246"/>
</kw>
<status status="PASS" start="2025-03-25T15:08:49.221130" elapsed="0.157205"/>
</branch>
<status status="PASS" start="2025-03-25T15:08:49.214731" elapsed="0.164051"/>
</if>
<arg>${username}</arg>
<arg>${password}</arg>
<arg>${resultat}</arg>
<status status="PASS" start="2025-03-25T15:08:48.195212" elapsed="1.184033"/>
</kw>
<arg>username=standard_user</arg>
<arg>password=secret</arg>
<arg>resultat=ko</arg>
<status status="PASS" start="2025-03-25T15:08:48.191674" elapsed="1.188543"/>
</kw>
<kw name="Close All Browsers" owner="SeleniumLibrary" type="TEARDOWN">
<doc>Closes all open browsers and resets the browser cache.</doc>
<status status="PASS" start="2025-03-25T15:08:49.382248" elapsed="0.139137"/>
</kw>
<status status="PASS" start="2025-03-25T15:08:44.810901" elapsed="4.712197"/>
</test>
<doc>importer la lib selenium</doc>
<status status="PASS" start="2025-03-25T15:08:22.004880" elapsed="27.525931"/>
</suite>
<status status="PASS" start="2025-03-25T15:08:21.991259" elapsed="27.550077"/>
</suite>
<status status="PASS" start="2025-03-25T15:08:21.828036" elapsed="27.723890"/>
</suite>
<statistics>
<total>
<stat pass="3" fail="0" skip="0">All Tests</stat>
</total>
<tag>
</tag>
<suite>
<stat name="Robotframework" id="s1" pass="3" fail="0" skip="0">Robotframework</stat>
<stat name="Tests" id="s1-s1" pass="3" fail="0" skip="0">Robotframework.Tests</stat>
<stat name="Test Temp" id="s1-s1-s1" pass="3" fail="0" skip="0">Robotframework.Tests.Test Temp</stat>
</suite>
</statistics>
<errors>
</errors>
</robot>
